#
# There is insufficient memory for the Java Runtime Environment to continue.
# Native memory allocation (mmap) failed to map 56623104 bytes for G1 virtual space
# Possible reasons:
#   The system is out of physical RAM or swap space
#   The process is running with CompressedOops enabled, and the Java Heap may be blocking the growth of the native heap
# Possible solutions:
#   Reduce memory load on the system
#   Increase physical memory or swap space
#   Check if swap backing store is full
#   Decrease Java heap size (-Xmx/-Xms)
#   Decrease number of Java threads
#   Decrease Java thread stack sizes (-Xss)
#   Set larger code cache with -XX:ReservedCodeCacheSize=
#   JVM is running with Unscaled Compressed Oops mode in which the Java heap is
#     placed in the first 4GB address space. The Java Heap base address is the
#     maximum limit for the native heap growth. Please use -XX:HeapBaseMinAddress
#     to set the Java Heap base and to place the Java Heap above 4GB virtual address.
# This output file may be truncated or incomplete.
#
#  Out of Memory Error (os_windows.cpp:3466), pid=6388, tid=11080
#
# JRE version:  (16.0.1+9) (build )
# Java VM: Java HotSpot(TM) 64-Bit Server VM (16.0.1+9-24, mixed mode, sharing, tiered, compressed oops, compressed class ptrs, g1 gc, windows-amd64)
# No core dump will be written. Minidumps are not enabled by default on client versions of Windows
#

---------------  S U M M A R Y ------------

Command Line: -XX:TieredStopAtLevel=1 -Xverify:none -Dspring.output.ansi.enabled=always -javaagent:C:\Program Files\JetBrains\IntelliJ IDEA 2021.1.1\lib\idea_rt.jar=58144:C:\Program Files\JetBrains\IntelliJ IDEA 2021.1.1\bin -Dcom.sun.management.jmxremote -Dspring.jmx.enabled=true -Dspring.liveBeansView.mbeanDomain -Dspring.application.admin.enabled=true -Dfile.encoding=UTF-8 com.epam.esm.aplication.WebApplication

Host: AMD Ryzen 3 4300U with Radeon Graphics         , 4 cores, 3G,  Windows 10 , 64 bit Build 22616 (10.0.22616.1)
Time: Wed May 11 21:15:05 2022 RTZ 2 (s 10 , 64 bit Build 22616 (10.0.22616.1) elapsed time: 0.222378 seconds (0d 0h 0m 0s)

---------------  T H R E A D  ---------------

Current thread (0x000001d9e9a0c170):  JavaThread "Unknown thread" [_thread_in_vm, id=11080, stack(0x00000081c7d00000,0x00000081c7e00000)]

Stack: [0x00000081c7d00000,0x00000081c7e00000]
Native frames: (J=compiled Java code, j=interpreted, Vv=VM code, C=native code)
V  [jvm.dll+0x6687ca]
V  [jvm.dll+0x7ca3c9]
V  [jvm.dll+0x7cbb53]
V  [jvm.dll+0x7cc1b3]
V  [jvm.dll+0x242ea5]
V  [jvm.dll+0x665589]
V  [jvm.dll+0x65a175]
V  [jvm.dll+0x2fc5ab]
V  [jvm.dll+0x3037a6]
V  [jvm.dll+0x352fee]
V  [jvm.dll+0x35321f]
V  [jvm.dll+0x2d3618]
V  [jvm.dll+0x2d4854]
V  [jvm.dll+0x79ccb1]
V  [jvm.dll+0x360de1]
V  [jvm.dll+0x77a990]
V  [jvm.dll+0x3e55af]
V  [jvm.dll+0x3e7081]
C  [jli.dll+0x52fb]
C  [ucrtbase.dll+0x29363]
C  [KERNEL32.DLL+0x1244d]
C  [ntdll.dll+0x5df88]


---------------  P R O C E S S  ---------------

Threads class SMR info:
_java_thread_list=0x00007ffe2431cbb8, length=0, elements={
}

Java Threads: ( => current thread )

Other Threads:
  0x000001d9e9a37c70 GCTaskThread "GC Thread#0" [stack: 0x00000081c7e00000,0x00000081c7f00000] [id=7576]
  0x000001d9e9a3f870 ConcurrentGCThread "G1 Main Marker" [stack: 0x00000081c7f00000,0x00000081c8000000] [id=10604]
  0x000001d9e9a42700 ConcurrentGCThread "G1 Conc#0" [stack: 0x00000081c8000000,0x00000081c8100000] [id=10536]

[error occurred during error reporting (printing all threads), id 0xc0000005, EXCEPTION_ACCESS_VIOLATION (0xc0000005) at pc=0x00007ffe23af44d7]

VM state: not at safepoint (not fully initialized)

VM Mutex/Monitor currently owned by a thread:  ([mutex/lock_event])
[0x000001d9e9a07a00] Heap_lock - owner thread: 0x000001d9e9a0c170

Heap address: 0x00000000ca200000, size: 862 MB, Compressed Oops mode: 32-bit

CDS archive(s) mapped at: [0x0000000000000000-0x0000000000000000-0x0000000000000000), size 0, SharedBaseAddress: 0x0000000800000000, ArchiveRelocationMode: 0.
Narrow klass base: 0x0000000000000000, Narrow klass shift: 0, Narrow klass range: 0x0

GC Precious Log:
<Empty>

Heap:
 garbage-first heap   total 0K, used 0K [0x00000000ca200000, 0x0000000100000000)
  region size 1024K, 0 young (0K), 0 survivors (0K)

[error occurred during error reporting (printing heap information), id 0xc0000005, EXCEPTION_ACCESS_VIOLATION (0xc0000005) at pc=0x00007ffe23ed24ed]

GC Heap History (0 events):
No events

Deoptimization events (0 events):
No events

Classes unloaded (0 events):
No events

Classes redefined (0 events):
No events

Internal exceptions (0 events):
No events

Events (1 events):
Event: 0.135 Loaded shared library C:\Program Files\Java\jdk-16.0.1\bin\java.dll


Dynamic libraries:
0x00007ff70c090000 - 0x00007ff70c0a0000 	C:\Program Files\Java\jdk-16.0.1\bin\java.exe
0x00007ffe3f690000 - 0x00007ffe3f8a4000 	C:\WINDOWS\SYSTEM32\ntdll.dll
0x00007ffe3df80000 - 0x00007ffe3e042000 	C:\WINDOWS\System32\KERNEL32.DLL
0x00007ffe3cf70000 - 0x00007ffe3d30c000 	C:\WINDOWS\System32\KERNELBASE.dll
0x00007ffe3d310000 - 0x00007ffe3d421000 	C:\WINDOWS\System32\ucrtbase.dll
0x00007ffe14530000 - 0x00007ffe14548000 	C:\Program Files\Java\jdk-16.0.1\bin\jli.dll
0x00007ffe12520000 - 0x00007ffe12539000 	C:\Program Files\Java\jdk-16.0.1\bin\VCRUNTIME140.dll
0x00007ffe3e2e0000 - 0x00007ffe3e38e000 	C:\WINDOWS\System32\ADVAPI32.dll
0x00007ffe3f2e0000 - 0x00007ffe3f387000 	C:\WINDOWS\System32\msvcrt.dll
0x00007ffe3e050000 - 0x00007ffe3e0f4000 	C:\WINDOWS\System32\sechost.dll
0x00007ffe3f410000 - 0x00007ffe3f525000 	C:\WINDOWS\System32\RPCRT4.dll
0x00007ffe3e130000 - 0x00007ffe3e2db000 	C:\WINDOWS\System32\USER32.dll
0x00007ffe3ce10000 - 0x00007ffe3ce36000 	C:\WINDOWS\System32\win32u.dll
0x00007ffe3e100000 - 0x00007ffe3e129000 	C:\WINDOWS\System32\GDI32.dll
0x00007ffe3cae0000 - 0x00007ffe3cbf2000 	C:\WINDOWS\System32\gdi32full.dll
0x00007ffe3cc00000 - 0x00007ffe3cc9a000 	C:\WINDOWS\System32\msvcp_win.dll
0x00007ffe246d0000 - 0x00007ffe2495e000 	C:\WINDOWS\WinSxS\amd64_microsoft.windows.common-controls_6595b64144ccf1df_6.0.22616.1_none_60ea04539af13d52\COMCTL32.dll
0x00007ffe39b20000 - 0x00007ffe39b2a000 	C:\WINDOWS\SYSTEM32\VERSION.dll
0x00007ffe3d5c0000 - 0x00007ffe3d5f1000 	C:\WINDOWS\System32\IMM32.DLL
0x00007ffe3a3a0000 - 0x00007ffe3a3ac000 	C:\Program Files\Java\jdk-16.0.1\bin\vcruntime140_1.dll
0x00007ffe0c770000 - 0x00007ffe0c801000 	C:\Program Files\Java\jdk-16.0.1\bin\msvcp140.dll
0x00007ffe23810000 - 0x00007ffe243bb000 	C:\Program Files\Java\jdk-16.0.1\bin\server\jvm.dll
0x00007ffe3d920000 - 0x00007ffe3d928000 	C:\WINDOWS\System32\PSAPI.DLL
0x00007ffe24690000 - 0x00007ffe24699000 	C:\WINDOWS\SYSTEM32\WSOCK32.dll
0x00007ffe3eb70000 - 0x00007ffe3ebe1000 	C:\WINDOWS\System32\WS2_32.dll
0x00007ffe362e0000 - 0x00007ffe36314000 	C:\WINDOWS\SYSTEM32\WINMM.dll
0x00007ffe3bb30000 - 0x00007ffe3bb48000 	C:\WINDOWS\SYSTEM32\kernel.appcore.dll
0x00007ffe232b0000 - 0x00007ffe232ba000 	C:\Program Files\Java\jdk-16.0.1\bin\jimage.dll
0x00007ffe34000000 - 0x00007ffe3422e000 	C:\WINDOWS\SYSTEM32\DBGHELP.DLL
0x00007ffe3ed70000 - 0x00007ffe3f0f9000 	C:\WINDOWS\System32\combase.dll
0x00007ffe3f100000 - 0x00007ffe3f1d7000 	C:\WINDOWS\System32\OLEAUT32.dll
0x00007ffe33fc0000 - 0x00007ffe33ff2000 	C:\WINDOWS\SYSTEM32\dbgcore.DLL
0x00007ffe3d430000 - 0x00007ffe3d4ab000 	C:\WINDOWS\System32\bcryptPrimitives.dll
0x00007ffe371d0000 - 0x00007ffe371de000 	C:\Program Files\Java\jdk-16.0.1\bin\instrument.dll
0x00007ffe23350000 - 0x00007ffe23375000 	C:\Program Files\Java\jdk-16.0.1\bin\java.dll

dbghelp: loaded successfully - version: 4.0.5 - missing functions: none
symbol engine: initialized successfully - sym options: 0x614 - pdb path: .;C:\Program Files\Java\jdk-16.0.1\bin;C:\WINDOWS\SYSTEM32;C:\WINDOWS\WinSxS\amd64_microsoft.windows.common-controls_6595b64144ccf1df_6.0.22616.1_none_60ea04539af13d52;C:\Program Files\Java\jdk-16.0.1\bin\server

VM Arguments:
jvm_args: -XX:TieredStopAtLevel=1 -Xverify:none -Dspring.output.ansi.enabled=always -javaagent:C:\Program Files\JetBrains\IntelliJ IDEA 2021.1.1\lib\idea_rt.jar=58144:C:\Program Files\JetBrains\IntelliJ IDEA 2021.1.1\bin -Dcom.sun.management.jmxremote -Dspring.jmx.enabled=true -Dspring.liveBeansView.mbeanDomain -Dspring.application.admin.enabled=true -Dfile.encoding=UTF-8 
java_command: com.epam.esm.aplication.WebApplication
java_class_path (initial): C:\Users\Zahar\IdeaProjects\shop_certificates_rest\web\build\classes\java\main;C:\Users\Zahar\IdeaProjects\shop_certificates_rest\web\build\resources\main;C:\Users\Zahar\.m2\repository\javax\servlet\javax.servlet-api\4.0.1\javax.servlet-api-4.0.1.jar;C:\Users\Zahar\.m2\repository\org\projectlombok\lombok\1.18.24\lombok-1.18.24.jar;C:\Users\Zahar\.gradle\caches\modules-2\files-2.1\org.springframework.boot\spring-boot-devtools\2.6.7\165072232fe9adeb7d5a730f01587e17a36d971e\spring-boot-devtools-2.6.7.jar;C:\Users\Zahar\.gradle\caches\modules-2\files-2.1\org.springframework.boot\spring-boot-starter-hateoas\2.6.7\852e3aceac2806e10d8e64ccfca06427b3c91138\spring-boot-starter-hateoas-2.6.7.jar;C:\Users\Zahar\.gradle\caches\modules-2\files-2.1\org.springframework.boot\spring-boot-starter-web\2.6.7\d877d6b14397f0c4b3a1611149a37eaf47f32195\spring-boot-starter-web-2.6.7.jar;C:\Users\Zahar\.gradle\caches\modules-2\files-2.1\org.springframework.boot\spring-boot-starter-data-jpa\2.6.7\c67c8556deb506677da64cac10c6e4edcff41847\spring-boot-starter-data-jpa-2.6.7.jar;C:\Users\Zahar\.m2\repository\org\springframework\spring-orm\5.3.19\spring-orm-5.3.19.jar;C:\Users\Zahar\.m2\repository\javax\persistence\javax.persistence-api\2.2\javax.persistence-api-2.2.jar;C:\Users\Zahar\.m2\repository\com\mchange\c3p0\0.9.5.5\c3p0-0.9.5.5.jar;C:\Users\Zahar\IdeaProjects\shop_certificates_rest\model\build\classes\java\main;C:\Users\Zahar\IdeaProjects\shop_certificates_rest\repository\build\classes\java\main;C:\Users\Zahar\IdeaProjects\shop_certificates_rest\service\build\classes\java\main;C:\Users\Zahar\IdeaProjects\shop_certificates_rest\service\build\resources\main;C:\Users\Zahar\.gradle\caches\modules-2\files-2.1\org.springframework.boot\spring-boot-autoconfigure\2.6.7\d96e51e7a13f16c07f60654071f157f99a0b99be\spring-boot-autoconfigure-2.6.7.jar;C:\Users\Zahar\.gradle\caches\modules-2\files-2.1\org.springframework.boot\spring-boot\2.6.7\aef2fff50d49feb43a0726ab7e4945914
Launcher Type: SUN_STANDARD

[Global flags]
     intx CICompilerCount                          = 3                                         {product} {ergonomic}
     uint ConcGCThreads                            = 1                                         {product} {ergonomic}
     uint G1ConcRefinementThreads                  = 4                                         {product} {ergonomic}
   size_t G1HeapRegionSize                         = 1048576                                   {product} {ergonomic}
    uintx GCDrainStackTargetSize                   = 64                                        {product} {ergonomic}
   size_t InitialHeapSize                          = 56623104                                  {product} {ergonomic}
     bool ManagementServer                         = true                                      {product} {command line}
   size_t MarkStackSize                            = 4194304                                   {product} {ergonomic}
   size_t MaxHeapSize                              = 903872512                                 {product} {ergonomic}
   size_t MinHeapDeltaBytes                        = 1048576                                   {product} {ergonomic}
   size_t MinHeapSize                              = 8388608                                   {product} {ergonomic}
    uintx NonNMethodCodeHeapSize                   = 6973028                                {pd product} {ergonomic}
    uintx NonProfiledCodeHeapSize                  = 244685212                              {pd product} {ergonomic}
    uintx ProfiledCodeHeapSize                     = 0                                      {pd product} {ergonomic}
    uintx ReservedCodeCacheSize                    = 251658240                              {pd product} {ergonomic}
     bool SegmentedCodeCache                       = true                                      {product} {ergonomic}
   size_t SoftMaxHeapSize                          = 903872512                              {manageable} {ergonomic}
     intx TieredStopAtLevel                        = 1                                         {product} {command line}
     bool UseCompressedClassPointers               = true                           {product lp64_product} {ergonomic}
     bool UseCompressedOops                        = true                           {product lp64_product} {ergonomic}
     bool UseG1GC                                  = true                                      {product} {ergonomic}
     bool UseLargePagesIndividualAllocation        = false                                  {pd product} {ergonomic}

Logging:
Log output configuration:
 #0: stdout all=warning uptime,level,tags
 #1: stderr all=off uptime,level,tags

Environment Variables:
JAVA_HOME=C:\Program Files\Java\jdk-16.0.1
PATH=C:\WINDOWS\system32;C:\WINDOWS;C:\WINDOWS\System32\Wbem;C:\WINDOWS\System32\WindowsPowerShell\v1.0\;C:\WINDOWS\System32\OpenSSH\;C:\Program Files\Java\jdk-16.0.1\bin;C:\Program Files\Git\bin;%CATALINA_HOME%\bin;C:\Program Files\Grable\gradle-7.4\bin;C:\Program Files\MySQL\MySQL Shell 8.0\bin;C:\Program Files\Docker\Docker\resources\bin;C:\ProgramData\DockerDesktop\version-bin;C:\Program Files\Microsoft SQL Server\150\Tools\Binn\;C:\Program Files\Microsoft SQL Server\Client SDK\ODBC\170\Tools\Binn\;C:\Program Files\Git\cmd;C:\Program Files (x86)\Vim\_vimrc\bin;C:\Users\Zahar\AppData\Local\Microsoft\WindowsApps;
USERNAME=Zahar
OS=Windows_NT
PROCESSOR_IDENTIFIER=AMD64 Family 23 Model 96 Stepping 1, AuthenticAMD



---------------  S Y S T E M  ---------------

OS:
 Windows 10 , 64 bit Build 22616 (10.0.22616.1)
OS uptime: 1 days 9:26 hours
Hyper-V role detected

CPU: total 4 (initial active 4) (4 cores per cpu, 1 threads per core) family 23 model 96 stepping 1 microcode 0x0, cx8, cmov, fxsr, mmx, 3dnowpref, sse, sse2, sse3, ssse3, sse4a, sse4.1, sse4.2, popcnt, lzcnt, tsc, tscinvbit, avx, avx2, aes, clmul, bmi1, bmi2, adx, sha, fma, vzeroupper, clflush, clflushopt, hv

Memory: 4k page, system-wide physical 3445M (226M free)
TotalPageFile size 14197M (AvailPageFile size 36M)
current process WorkingSet (physical memory assigned to process): 10M, peak: 10M
current process commit charge ("private bytes"): 49M, peak: 103M

vm_info: Java HotSpot(TM) 64-Bit Server VM (16.0.1+9-24) for windows-amd64 JRE (16.0.1+9-24), built on Mar 26 2021 19:31:42 by "mach5one" with MS VC++ 16.7 (VS2019)

END.
